<?xml version='1.0' encoding='UTF-8'?>
<testsuite hostname="localhost.localdomain" name="TwoferTest" tests="3" errors="0" failures="0" skipped="0" time="0.083" timestamp="2023-10-31T17:29:59">
          <properties>
[...]
</properties>
          <testcase classname="TwoferTest" name="no name given" time="0.082">
                      
                    </testcase><testcase classname="TwoferTest" name="a name given" time="0.001">
                      
                    </testcase><testcase classname="TwoferTest" name="another name given" time="0.0">
                      
                    </testcase>
          <system-out><![CDATA[]]></system-out>
          <system-err><![CDATA[]]></system-err>
        </testsuite>